2025-07-23 10:46:52,493 - consumer - INFO - request-topic | key: None | value: {'id': 1, 'agentName': 'TRANSLATOR'}
2025-07-23 10:46:52,497 - consumer - ERROR - a bytes-like object is required, not 'dict'
Traceback (most recent call last):
  File "C:\Users\User\Desktop\dev\project\ai_migration\orchestrate\app\consumer.py", line 45, in handle_message
    call_agent(request)
    ~~~~~~~~~~^^^^^^^^^
  File "C:\Users\User\Desktop\dev\project\ai_migration\orchestrate\app\agent.py", line 21, in call_agent
    producer.send_message('translator_topic', asdict(ToTranslator(id=request['id'])))
    ~~~~~~~~~~~~~~~~~~~~~^^^^^^^^^^^^^^^^^^^^^^^^^^^^^^^^^^^^^^^^^^^^^^^^^^^^^^^^^^^^
  File "C:\Users\User\Desktop\dev\project\ai_migration\orchestrate\app\producer.py", line 25, in send_message
    self.producer.produce(topic, value=message)
    ~~~~~~~~~~~~~~~~~~~~~^^^^^^^^^^^^^^^^^^^^^^
TypeError: a bytes-like object is required, not 'dict'
2025-07-23 10:46:52,507 - consumer - INFO - request-topic | key: None | value: {'id': 1, 'agentName': 'TRANSLATOR'}
2025-07-23 10:46:52,508 - consumer - ERROR - a bytes-like object is required, not 'dict'
Traceback (most recent call last):
  File "C:\Users\User\Desktop\dev\project\ai_migration\orchestrate\app\consumer.py", line 45, in handle_message
    call_agent(request)
    ~~~~~~~~~~^^^^^^^^^
  File "C:\Users\User\Desktop\dev\project\ai_migration\orchestrate\app\agent.py", line 21, in call_agent
    producer.send_message('translator_topic', asdict(ToTranslator(id=request['id'])))
    ~~~~~~~~~~~~~~~~~~~~~^^^^^^^^^^^^^^^^^^^^^^^^^^^^^^^^^^^^^^^^^^^^^^^^^^^^^^^^^^^^
  File "C:\Users\User\Desktop\dev\project\ai_migration\orchestrate\app\producer.py", line 25, in send_message
    self.producer.produce(topic, value=message)
    ~~~~~~~~~~~~~~~~~~~~~^^^^^^^^^^^^^^^^^^^^^^
TypeError: a bytes-like object is required, not 'dict'
2025-07-23 10:48:44,693 - consumer - INFO - request-topic | key: None | value: {'id': 1, 'agentName': 'TRANSLATOR'}
2025-07-23 10:48:44,694 - consumer - ERROR - a bytes-like object is required, not 'dict'
Traceback (most recent call last):
  File "C:\Users\User\Desktop\dev\project\ai_migration\orchestrate\app\consumer.py", line 45, in handle_message
    call_agent(request)
    ~~~~~~~~~~^^^^^^^^^
  File "C:\Users\User\Desktop\dev\project\ai_migration\orchestrate\app\agent.py", line 22, in call_agent
    producer.send_message('translator_topic', asdict(ToTranslator(id=request['id'])))
    ~~~~~~~~~~~~~~~~~~~~~^^^^^^^^^^^^^^^^^^^^^^^^^^^^^^^^^^^^^^^^^^^^^^^^^^^^^^^^^^^^
  File "C:\Users\User\Desktop\dev\project\ai_migration\orchestrate\app\producer.py", line 25, in send_message
    self.producer.produce(topic, value=message)
    ~~~~~~~~~~~~~~~~~~~~~^^^^^^^^^^^^^^^^^^^^^^
TypeError: a bytes-like object is required, not 'dict'
2025-07-23 10:50:22,966 - consumer - INFO - request-topic | key: None | value: {'id': 1, 'agentName': 'TRANSLATOR'}
2025-07-23 10:57:11,402 - consumer - INFO - request-topic | key: None | value: {'id': 1234, 'agentName': 'TRANSLATOR'}
2025-07-23 10:57:11,406 - consumer - INFO - translator_topic | key: None | value: {'id': 1234}
2025-07-23 10:57:11,406 - consumer - ERROR - 'agentName'
Traceback (most recent call last):
  File "C:\Users\User\Desktop\dev\project\ai_migration\orchestrate\app\consumer.py", line 45, in handle_message
    call_agent(request)
    ~~~~~~~~~~^^^^^^^^^
  File "C:\Users\User\Desktop\dev\project\ai_migration\orchestrate\app\agent.py", line 20, in call_agent
    if request['agentName'] == 'TRANSLATOR':
       ~~~~~~~^^^^^^^^^^^^^
KeyError: 'agentName'
2025-07-23 10:57:27,255 - consumer - INFO - request-topic | key: None | value: {'id': 1234, 'agentName': 'TRANSLATOR'}
2025-07-23 10:57:27,291 - consumer - INFO - translator_topic | key: None | value: {'id': 1234}
2025-07-23 10:57:27,292 - consumer - ERROR - 'agentName'
Traceback (most recent call last):
  File "C:\Users\User\Desktop\dev\project\ai_migration\orchestrate\app\consumer.py", line 45, in handle_message
    call_agent(request)
    ~~~~~~~~~~^^^^^^^^^
  File "C:\Users\User\Desktop\dev\project\ai_migration\orchestrate\app\agent.py", line 20, in call_agent
    if request['agentName'] == 'TRANSLATOR':
       ~~~~~~~^^^^^^^^^^^^^
KeyError: 'agentName'
2025-07-23 10:59:33,948 - consumer - INFO - request-topic | key: None | value: {'id': 1234, 'agentName': 'TRANSLATOR'}
2025-07-23 11:01:27,910 - consumer - INFO - request-topic | key: None | value: {'id': 1234, 'agentName': 'TRANSLATOR'}
2025-07-23 11:03:48,983 - consumer - INFO - request-topic | key: None | value: {'id': 1234, 'agentName': 'TRANSLATOR'}
2025-07-23 11:07:20,207 - consumer - INFO - request-topic | key: None | value: {'id': 1234, 'agentName': 'TRANSLATOR'}
2025-07-23 11:07:20,214 - consumer - INFO - translator_topic | key: None | value: {'id': 1234}
2025-07-23 11:07:20,216 - consumer - ERROR - 'agentName'
Traceback (most recent call last):
  File "C:\Users\User\Desktop\dev\project\ai_migration\orchestrate\app\consumer.py", line 45, in handle_message
    call_agent(request)
    ~~~~~~~~~~^^^^^^^^^
  File "C:\Users\User\Desktop\dev\project\ai_migration\orchestrate\app\agent.py", line 20, in call_agent
    if request['agentName'] == 'TRANSLATOR':
       ~~~~~~~^^^^^^^^^^^^^
KeyError: 'agentName'
2025-07-23 11:07:23,392 - consumer - INFO - request-topic | key: None | value: {'id': 1234, 'agentName': 'TRANSLATOR'}
2025-07-23 11:07:23,398 - consumer - INFO - translator_topic | key: None | value: {'id': 1234}
2025-07-23 11:07:23,400 - consumer - ERROR - 'agentName'
Traceback (most recent call last):
  File "C:\Users\User\Desktop\dev\project\ai_migration\orchestrate\app\consumer.py", line 45, in handle_message
    call_agent(request)
    ~~~~~~~~~~^^^^^^^^^
  File "C:\Users\User\Desktop\dev\project\ai_migration\orchestrate\app\agent.py", line 20, in call_agent
    if request['agentName'] == 'TRANSLATOR':
       ~~~~~~~^^^^^^^^^^^^^
KeyError: 'agentName'
2025-07-23 11:07:43,313 - consumer - INFO - request-topic | key: None | value: {'id': 1234, 'agentName': 'TRANSLATOR'}
2025-07-23 11:07:43,336 - consumer - INFO - translator_topic | key: None | value: {'id': 1234}
2025-07-23 11:07:43,337 - consumer - ERROR - 'agentName'
Traceback (most recent call last):
  File "C:\Users\User\Desktop\dev\project\ai_migration\orchestrate\app\consumer.py", line 45, in handle_message
    call_agent(request)
    ~~~~~~~~~~^^^^^^^^^
  File "C:\Users\User\Desktop\dev\project\ai_migration\orchestrate\app\agent.py", line 20, in call_agent
    if request['agentName'] == 'TRANSLATOR':
       ~~~~~~~^^^^^^^^^^^^^
KeyError: 'agentName'
2025-07-23 11:10:13,365 - consumer - INFO - request-topic | key: None | value: {'id': 1234, 'agentName': 'TRANSLATOR'}
2025-07-23 11:10:37,780 - consumer - INFO - request-topic | key: None | value: {'id': 1234, 'agentName': 'TRANSLATOR'}
2025-07-23 11:15:36,412 - consumer - INFO - request-topic | key: None | value: {'id': 1234, 'agentName': 'TRANSLATOR'}
2025-07-23 11:19:21,346 - consumer - INFO - request-topic | key: None | value: {'id': 1234, 'agentName': 'TRANSLATOR'}
2025-07-23 11:22:08,731 - consumer - INFO - request-topic | key: None | value: {'id': 1234, 'agentName': 'TRANSLATOR'}
2025-07-23 11:27:17,333 - consumer - INFO - request-topic | key: None | value: {'id': 1234, 'agentName': 'TRANSLATOR'}
2025-07-23 11:29:35,536 - consumer - INFO - request-topic | key: None | value: {'id': 1234, 'agentName': 'TRANSLATOR'}
2025-07-23 11:29:35,542 - consumer - INFO - translator-topic | key: None | value: {'id': 1234}
2025-07-23 11:29:49,443 - consumer - INFO - request-topic | key: None | value: {'id': 1234, 'agentName': 'TRANSLATOR'}
2025-07-23 11:29:49,449 - consumer - INFO - translator-topic | key: None | value: {'id': 1234}
2025-07-23 11:30:50,474 - consumer - INFO - request-topic | key: None | value: {'id': 1234, 'agentName': 'TRANSLATOR'}
2025-07-23 11:30:50,518 - consumer - INFO - request-topic | key: None | value: {'result': 'º¯È¯¿Ï·á'}
2025-07-23 11:30:50,520 - consumer - ERROR - 'agentName'
Traceback (most recent call last):
  File "C:\Users\User\Desktop\dev\project\ai_migration\orchestrate\app\consumer.py", line 46, in handle_message
    call_agent(request)
    ~~~~~~~~~~^^^^^^^^^
  File "C:\Users\User\Desktop\dev\project\ai_migration\orchestrate\app\agent.py", line 20, in call_agent
    if request['agentName'] == 'TRANSLATOR':
       ~~~~~~~^^^^^^^^^^^^^
KeyError: 'agentName'
2025-07-23 11:32:15,887 - consumer - INFO - request-topic | key: None | value: {'id': 1234, 'agentName': 'TRANSLATOR'}
2025-07-23 11:32:15,911 - consumer - INFO - request-topic | key: None | value: {'result': 'º¯È¯¿Ï·á'}
2025-07-23 11:32:15,912 - consumer - ERROR - 'agentName'
Traceback (most recent call last):
  File "C:\Users\User\Desktop\dev\project\ai_migration\orchestrate\app\consumer.py", line 46, in handle_message
    call_agent(request)
    ~~~~~~~~~~^^^^^^^^^
  File "C:\Users\User\Desktop\dev\project\ai_migration\orchestrate\app\agent.py", line 20, in call_agent
    if request['agentName'] == 'TRANSLATOR':
       ~~~~~~~^^^^^^^^^^^^^
KeyError: 'agentName'
2025-07-23 11:43:02,007 - consumer - INFO - request-topic | key: None | value: {'id': 1234, 'agentName': 'TRANSLATOR'}
2025-07-23 11:43:02,038 - consumer - INFO - request-topic | key: None | value: {'result': 'º¯È¯¿Ï·á'}
2025-07-23 11:43:02,038 - consumer - ERROR - 'agentName'
Traceback (most recent call last):
  File "C:\Users\User\Desktop\dev\project\ai_migration\orchestrate\app\consumer.py", line 46, in handle_message
    call_agent(request)
    ~~~~~~~~~~^^^^^^^^^
  File "C:\Users\User\Desktop\dev\project\ai_migration\orchestrate\app\agent.py", line 20, in call_agent
    if request['agentName'] == 'TRANSLATOR':
       ~~~~~~~^^^^^^^^^^^^^
KeyError: 'agentName'
2025-07-23 11:54:55,306 - consumer - INFO - api-topic | key: None | value: b'{"id":1234,"agentName":"TRANSLATOR"}'
2025-07-23 11:54:55,311 - consumer - ERROR - 'NoneType' object has no attribute 'decode'
Traceback (most recent call last):
  File "C:\Users\User\Desktop\dev\project\ai_migration\orchestrate\app\consumer.py", line 46, in handle_message
    call_agent(request)
    ~~~~~~~~~~^^^^^^^^^
  File "C:\Users\User\Desktop\dev\project\ai_migration\orchestrate\app\agent.py", line 20, in call_agent
    producer.send_message('translator-topic', asdict(ToTranslator(id=request['id'])))
    ~~~~~~~~~~~~~~~~~~~~~^^^^^^^^^^^^^^^^^^^^^^^^^^^^^^^^^^^^^^^^^^^^^^^^^^^^^^^^^^^^
  File "C:\Users\User\Desktop\dev\project\ai_migration\orchestrate\app\producer.py", line 27, in send_message
    self.producer.flush()
    ~~~~~~~~~~~~~~~~~~~^^
  File "C:\Users\User\Desktop\dev\project\ai_migration\orchestrate\app\producer.py", line 22, in delivery_callback
    topic=msg.topic(), key=msg.key().decode('utf-8'), value=msg.value().decode('utf-8')))
                           ^^^^^^^^^^^^^^^^
AttributeError: 'NoneType' object has no attribute 'decode'
2025-07-23 11:57:08,869 - consumer - INFO - api-topic | key: None | value: b'{"id":1234,"agentName":"TRANSLATOR"}'
2025-07-23 11:57:08,892 - consumer - ERROR - 'NoneType' object has no attribute 'decode'
Traceback (most recent call last):
  File "C:\Users\User\Desktop\dev\project\ai_migration\orchestrate\app\consumer.py", line 46, in handle_message
    call_agent(request)
    ~~~~~~~~~~^^^^^^^^^
  File "C:\Users\User\Desktop\dev\project\ai_migration\orchestrate\app\agent.py", line 20, in call_agent
    producer.send_message('translator-topic', asdict(ToTranslator(id=request['id'])))
    ~~~~~~~~~~~~~~~~~~~~~^^^^^^^^^^^^^^^^^^^^^^^^^^^^^^^^^^^^^^^^^^^^^^^^^^^^^^^^^^^^
  File "C:\Users\User\Desktop\dev\project\ai_migration\orchestrate\app\producer.py", line 28, in send_message
    self.producer.flush()
    ~~~~~~~~~~~~~~~~~~~^^
  File "C:\Users\User\Desktop\dev\project\ai_migration\orchestrate\app\producer.py", line 22, in delivery_callback
    topic=msg.topic(), key=msg.key().decode('utf-8'), value=msg.value().decode('utf-8')))
                           ^^^^^^^^^^^^^^^^
AttributeError: 'NoneType' object has no attribute 'decode'
2025-07-23 11:57:08,994 - consumer - INFO - agent-res-topic | key: None | value: b'{"result": "\\ubcc0\\ud658\\uc644\\ub8cc"}'
2025-07-23 11:58:24,270 - consumer - INFO - api-topic | key: None | value: b'{"id":1234,"agentName":"TRANSLATOR"}'
2025-07-23 11:58:24,300 - consumer - ERROR - unsupported format string passed to NoneType.__format__
Traceback (most recent call last):
  File "C:\Users\User\Desktop\dev\project\ai_migration\orchestrate\app\consumer.py", line 46, in handle_message
    call_agent(request)
    ~~~~~~~~~~^^^^^^^^^
  File "C:\Users\User\Desktop\dev\project\ai_migration\orchestrate\app\agent.py", line 20, in call_agent
    producer.send_message('translator-topic', asdict(ToTranslator(id=request['id'])))
    ~~~~~~~~~~~~~~~~~~~~~^^^^^^^^^^^^^^^^^^^^^^^^^^^^^^^^^^^^^^^^^^^^^^^^^^^^^^^^^^^^
  File "C:\Users\User\Desktop\dev\project\ai_migration\orchestrate\app\producer.py", line 28, in send_message
    self.producer.flush()
    ~~~~~~~~~~~~~~~~~~~^^
  File "C:\Users\User\Desktop\dev\project\ai_migration\orchestrate\app\producer.py", line 21, in delivery_callback
    self.logger.info("Produced event to topic {topic}: key = {key:12} value = {value:12}".format(
                     ~~~~~~~~~~~~~~~~~~~~~~~~~~~~~~~~~~~~~~~~~~~~~~~~~~~~~~~~~~~~~~~~~~~~~~~~~~~^
        topic=msg.topic(), key=msg.key(), value=msg.value().decode('utf-8')))
        ^^^^^^^^^^^^^^^^^^^^^^^^^^^^^^^^^^^^^^^^^^^^^^^^^^^^^^^^^^^^^^^^^^^^
TypeError: unsupported format string passed to NoneType.__format__
2025-07-23 11:58:24,338 - consumer - INFO - agent-res-topic | key: None | value: b'{"result": "\\ubcc0\\ud658\\uc644\\ub8cc"}'
2025-07-23 11:58:56,450 - consumer - INFO - api-topic | key: None | value: b'{"id":1234,"agentName":"TRANSLATOR"}'
2025-07-23 11:58:56,456 - consumer - ERROR - unsupported format string passed to NoneType.__format__
Traceback (most recent call last):
  File "C:\Users\User\Desktop\dev\project\ai_migration\orchestrate\app\consumer.py", line 46, in handle_message
    call_agent(request)
    ~~~~~~~~~~^^^^^^^^^
  File "C:\Users\User\Desktop\dev\project\ai_migration\orchestrate\app\agent.py", line 20, in call_agent
    producer.send_message('translator-topic', asdict(ToTranslator(id=request['id'])))
    ~~~~~~~~~~~~~~~~~~~~~^^^^^^^^^^^^^^^^^^^^^^^^^^^^^^^^^^^^^^^^^^^^^^^^^^^^^^^^^^^^
  File "C:\Users\User\Desktop\dev\project\ai_migration\orchestrate\app\producer.py", line 28, in send_message
    self.producer.flush()
    ~~~~~~~~~~~~~~~~~~~^^
  File "C:\Users\User\Desktop\dev\project\ai_migration\orchestrate\app\producer.py", line 21, in delivery_callback
    self.logger.info("Produced event to topic {topic}: key = {key:12} value = {value:12}".format(
                     ~~~~~~~~~~~~~~~~~~~~~~~~~~~~~~~~~~~~~~~~~~~~~~~~~~~~~~~~~~~~~~~~~~~~~~~~~~~^
        topic=msg.topic(), key=msg.key(), value=msg.value().decode('utf-8')))
        ^^^^^^^^^^^^^^^^^^^^^^^^^^^^^^^^^^^^^^^^^^^^^^^^^^^^^^^^^^^^^^^^^^^^
TypeError: unsupported format string passed to NoneType.__format__
2025-07-23 11:58:56,474 - consumer - INFO - agent-res-topic | key: None | value: b'{"result": "\\ubcc0\\ud658\\uc644\\ub8cc"}'
2025-07-23 12:00:16,843 - consumer - INFO - api-topic | key: None | value: b'{"id":1234,"agentName":"TRANSLATOR"}'
2025-07-23 12:00:16,849 - consumer - ERROR - unsupported format string passed to NoneType.__format__
Traceback (most recent call last):
  File "C:\Users\User\Desktop\dev\project\ai_migration\orchestrate\app\consumer.py", line 46, in handle_message
    call_agent(request)
    ~~~~~~~~~~^^^^^^^^^
  File "C:\Users\User\Desktop\dev\project\ai_migration\orchestrate\app\agent.py", line 20, in call_agent
    producer.send_message('translator-topic', asdict(ToTranslator(id=request['id'])))
    ~~~~~~~~~~~~~~~~~~~~~^^^^^^^^^^^^^^^^^^^^^^^^^^^^^^^^^^^^^^^^^^^^^^^^^^^^^^^^^^^^
  File "C:\Users\User\Desktop\dev\project\ai_migration\orchestrate\app\producer.py", line 28, in send_message
    self.producer.flush()
    ~~~~~~~~~~~~~~~~~~~^^
  File "C:\Users\User\Desktop\dev\project\ai_migration\orchestrate\app\producer.py", line 21, in delivery_callback
    self.logger.info("Produced event to topic {topic}: key = {key:12} value = {value:12}".format(
                     ~~~~~~~~~~~~~~~~~~~~~~~~~~~~~~~~~~~~~~~~~~~~~~~~~~~~~~~~~~~~~~~~~~~~~~~~~~~^
        topic=msg.topic(), key=msg.key(), value=msg.value().decode('utf-8')))
        ^^^^^^^^^^^^^^^^^^^^^^^^^^^^^^^^^^^^^^^^^^^^^^^^^^^^^^^^^^^^^^^^^^^^
TypeError: unsupported format string passed to NoneType.__format__
2025-07-23 12:00:16,865 - consumer - INFO - agent-res-topic | key: None | value: b'{"result": "\\ubcc0\\ud658\\uc644\\ub8cc"}'
2025-07-23 12:01:24,133 - consumer - INFO - api-topic | key: None | value: b'{"id":1234,"agentName":"TRANSLATOR"}'
2025-07-23 12:01:24,165 - consumer - INFO - agent-res-topic | key: None | value: b'{"result": "\\ubcc0\\ud658\\uc644\\ub8cc"}'
2025-07-23 12:03:49,711 - consumer - INFO - api-topic | key: None | value: b'{"id":1234,"agentName":"TRANSLATOR"}'
2025-07-23 12:03:49,793 - consumer - INFO - agent-res-topic | key: None | value: b'{"result": "\\ubcc0\\ud658\\uc644\\ub8cc"}'
2025-07-23 12:06:46,185 - consumer - INFO - api-topic | key: None | value: b'{"id":1234,"agentName":"TRANSLATOR"}'
2025-07-23 12:06:46,228 - consumer - INFO - agent-res-topic | key: None | value: b'{"result": "\\ubcc0\\ud658\\uc644\\ub8cc"}'
2025-07-23 12:08:05,650 - consumer - INFO - api-topic | key: None | value: b'{"id":1234,"agentName":"TRANSLATOR"}'
2025-07-23 12:08:05,691 - consumer - INFO - agent-res-topic | key: None | value: b'{"result": "\\ubcc0\\ud658\\uc644\\ub8cc"}'
2025-07-23 12:08:40,715 - consumer - INFO - api-topic | key: None | value: b'{"id":1234,"agentName":"TRANSLATOR"}'
2025-07-23 12:08:40,753 - consumer - INFO - agent-res-topic | key: None | value: b'{"result": "\\ubcc0\\ud658\\uc644\\ub8cc"}'
2025-07-23 12:14:52,018 - consumer - INFO - api-topic | key: None | value: b'{"id":1234,"agentName":"TRANSLATOR"}'
2025-07-23 12:14:52,043 - consumer - INFO - agent-res-topic | key: None | value: b'{"result": "\\ubcc0\\ud658\\uc644\\ub8cc"}'
2025-07-23 12:17:08,330 - consumer - INFO - api-topic | key: None | value: b'{"id":1234,"agentName":"TRANSLATOR"}'
2025-07-23 12:17:08,349 - consumer - INFO - agent-res-topic | key: None | value: b'{"result": "\\ubcc0\\ud658\\uc644\\ub8cc"}'
2025-07-23 12:18:41,548 - consumer - INFO - api-topic | key: None | value: {'id': 1234, 'agentName': 'TRANSLATOR'}
2025-07-23 12:18:41,589 - consumer - INFO - agent-res-topic | key: None | value: {'result': 'ë³€í™˜ì™„ë£Œ'}
2025-07-23 12:19:38,385 - consumer - INFO - api-topic | key: None | value: {'id': 1234, 'agentName': 'TRANSLATOR'}
2025-07-23 12:19:38,412 - consumer - INFO - agent-res-topic | key: None | value: {'result': 'ë³€í™˜ì™„ë£Œ'}
