2025-07-23 10:53:50,706 - translate - INFO - translator_topic | key: None | value: {'id': 1}
2025-07-23 10:53:50,756 - translate - ERROR - Expecting value: line 1 column 1 (char 0)
Traceback (most recent call last):
  File "C:\Users\User\Desktop\dev\project\ai_migration\translate\app\consumer.py", line 41, in handle_message
    request = json.loads(message.value().decode('utf-8'))
  File "C:\Users\User\anaconda3\envs\project\Lib\json\__init__.py", line 346, in loads
    return _default_decoder.decode(s)
           ~~~~~~~~~~~~~~~~~~~~~~~^^^
  File "C:\Users\User\anaconda3\envs\project\Lib\json\decoder.py", line 345, in decode
    obj, end = self.raw_decode(s, idx=_w(s, 0).end())
               ~~~~~~~~~~~~~~~^^^^^^^^^^^^^^^^^^^^^^^
  File "C:\Users\User\anaconda3\envs\project\Lib\json\decoder.py", line 363, in raw_decode
    raise JSONDecodeError("Expecting value", s, err.value) from None
json.decoder.JSONDecodeError: Expecting value: line 1 column 1 (char 0)
2025-07-23 10:59:34,002 - translate - INFO - translator_topic | key: None | value: {'id': 1234}
2025-07-23 10:59:34,089 - translate - ERROR - Expecting value: line 1 column 1 (char 0)
Traceback (most recent call last):
  File "C:\Users\User\Desktop\dev\project\ai_migration\translate\app\consumer.py", line 43, in handle_message
    request = json.loads(message.value().decode('utf-8'))
  File "C:\Users\User\anaconda3\envs\project\Lib\json\__init__.py", line 346, in loads
    return _default_decoder.decode(s)
           ~~~~~~~~~~~~~~~~~~~~~~~^^^
  File "C:\Users\User\anaconda3\envs\project\Lib\json\decoder.py", line 345, in decode
    obj, end = self.raw_decode(s, idx=_w(s, 0).end())
               ~~~~~~~~~~~~~~~^^^^^^^^^^^^^^^^^^^^^^^
  File "C:\Users\User\anaconda3\envs\project\Lib\json\decoder.py", line 363, in raw_decode
    raise JSONDecodeError("Expecting value", s, err.value) from None
json.decoder.JSONDecodeError: Expecting value: line 1 column 1 (char 0)
2025-07-23 11:01:27,915 - translate - INFO - translator_topic | key: None | value: b'{"id": 1234}'
2025-07-23 11:01:27,943 - translate - INFO - translator_topic | key: None | value: b'\xeb\xb3\x80\xed\x99\x98 \xec\x99\x84\xeb\xa3\x8c'
2025-07-23 11:01:27,944 - translate - ERROR - Expecting value: line 1 column 1 (char 0)
Traceback (most recent call last):
  File "C:\Users\User\Desktop\dev\project\ai_migration\translate\app\consumer.py", line 44, in handle_message
    request = json.loads(message.value().decode('utf-8'))
  File "C:\Users\User\anaconda3\envs\project\Lib\json\__init__.py", line 346, in loads
    return _default_decoder.decode(s)
           ~~~~~~~~~~~~~~~~~~~~~~~^^^
  File "C:\Users\User\anaconda3\envs\project\Lib\json\decoder.py", line 345, in decode
    obj, end = self.raw_decode(s, idx=_w(s, 0).end())
               ~~~~~~~~~~~~~~~^^^^^^^^^^^^^^^^^^^^^^^
  File "C:\Users\User\anaconda3\envs\project\Lib\json\decoder.py", line 363, in raw_decode
    raise JSONDecodeError("Expecting value", s, err.value) from None
json.decoder.JSONDecodeError: Expecting value: line 1 column 1 (char 0)
2025-07-23 11:03:48,996 - translate - INFO - translator_topic | key: None | value: b'{"id": 1234}'
2025-07-23 11:03:49,041 - translate - INFO - translator_topic | key: None | value: b'\xeb\xb3\x80\xed\x99\x98 \xec\x99\x84\xeb\xa3\x8c'
2025-07-23 11:03:49,042 - translate - ERROR - Expecting value: line 1 column 1 (char 0)
Traceback (most recent call last):
  File "C:\Users\User\Desktop\dev\project\ai_migration\translate\app\consumer.py", line 44, in handle_message
    request = json.loads(message.value().decode('utf-8'))
  File "C:\Users\User\anaconda3\envs\project\Lib\json\__init__.py", line 346, in loads
    return _default_decoder.decode(s)
           ~~~~~~~~~~~~~~~~~~~~~~~^^^
  File "C:\Users\User\anaconda3\envs\project\Lib\json\decoder.py", line 345, in decode
    obj, end = self.raw_decode(s, idx=_w(s, 0).end())
               ~~~~~~~~~~~~~~~^^^^^^^^^^^^^^^^^^^^^^^
  File "C:\Users\User\anaconda3\envs\project\Lib\json\decoder.py", line 363, in raw_decode
    raise JSONDecodeError("Expecting value", s, err.value) from None
json.decoder.JSONDecodeError: Expecting value: line 1 column 1 (char 0)
2025-07-23 11:26:27,293 - translate - INFO - translator-topic | key: None | value: b'{"id": 1234}'
2025-07-23 11:26:27,305 - translate - ERROR - a bytes-like object is required, not 'dict'
Traceback (most recent call last):
  File "C:\Users\User\Desktop\dev\project\ai_migration\translate\app\consumer.py", line 46, in handle_message
    call_agent(request)
    ~~~~~~~~~~^^^^^^^^^
  File "C:\Users\User\Desktop\dev\project\ai_migration\translate\app\agent.py", line 37, in call_agent
    producer.send_message('request_topic', {'result': '변환완료'})
    ~~~~~~~~~~~~~~~~~~~~~^^^^^^^^^^^^^^^^^^^^^^^^^^^^^^^^^^^^^^^^^
  File "C:\Users\User\Desktop\dev\project\ai_migration\translate\app\producer.py", line 25, in send_message
    self.producer.produce(topic, value=message)
    ~~~~~~~~~~~~~~~~~~~~~^^^^^^^^^^^^^^^^^^^^^^
TypeError: a bytes-like object is required, not 'dict'
2025-07-23 11:27:17,347 - translate - INFO - translator-topic | key: None | value: b'{"id": 1234}'
2025-07-23 11:30:50,481 - translate - INFO - translator-topic | key: None | value: b'{"id": 1234}'
2025-07-23 11:32:15,896 - translate - INFO - translator-topic | key: None | value: b'{"id": 1234}'
2025-07-23 11:43:02,012 - translate - INFO - translator-topic | key: None | value: b'{"id": 1234}'
2025-07-23 11:54:55,312 - translate - INFO - translator-topic | key: None | value: b'{"id": 1234}'
2025-07-23 11:54:55,435 - translate - ERROR - 'NoneType' object has no attribute 'decode'
Traceback (most recent call last):
  File "C:\Users\User\Desktop\dev\project\ai_migration\translate\app\consumer.py", line 46, in handle_message
    call_agent(request)
    ~~~~~~~~~~^^^^^^^^^
  File "C:\Users\User\Desktop\dev\project\ai_migration\translate\app\agent.py", line 37, in call_agent
    producer.send_message('agent-res-topic', {'result': '변환완료'})
    ~~~~~~~~~~~~~~~~~~~~~^^^^^^^^^^^^^^^^^^^^^^^^^^^^^^^^^^^^^^^^^^^
  File "C:\Users\User\Desktop\dev\project\ai_migration\translate\app\producer.py", line 27, in send_message
    self.producer.flush()
    ~~~~~~~~~~~~~~~~~~~^^
  File "C:\Users\User\Desktop\dev\project\ai_migration\translate\app\producer.py", line 22, in delivery_callback
    topic=msg.topic(), key=msg.key().decode('utf-8'), value=msg.value().decode('utf-8')))
                           ^^^^^^^^^^^^^^^^
AttributeError: 'NoneType' object has no attribute 'decode'
2025-07-23 11:57:08,953 - translate - INFO - translator-topic | key: None | value: b'{"id": 1234}'
2025-07-23 11:57:08,994 - translate - ERROR - 'NoneType' object has no attribute 'decode'
Traceback (most recent call last):
  File "C:\Users\User\Desktop\dev\project\ai_migration\translate\app\consumer.py", line 46, in handle_message
    call_agent(request)
    ~~~~~~~~~~^^^^^^^^^
  File "C:\Users\User\Desktop\dev\project\ai_migration\translate\app\agent.py", line 37, in call_agent
    producer.send_message('agent-res-topic', {'result': '변환완료'})
    ~~~~~~~~~~~~~~~~~~~~~^^^^^^^^^^^^^^^^^^^^^^^^^^^^^^^^^^^^^^^^^^^
  File "C:\Users\User\Desktop\dev\project\ai_migration\translate\app\producer.py", line 27, in send_message
    self.producer.flush()
    ~~~~~~~~~~~~~~~~~~~^^
  File "C:\Users\User\Desktop\dev\project\ai_migration\translate\app\producer.py", line 22, in delivery_callback
    topic=msg.topic(), key=msg.key().decode('utf-8'), value=msg.value().decode('utf-8')))
                           ^^^^^^^^^^^^^^^^
AttributeError: 'NoneType' object has no attribute 'decode'
2025-07-23 11:58:24,303 - translate - INFO - translator-topic | key: None | value: b'{"id": 1234}'
2025-07-23 11:58:24,338 - translate - ERROR - 'NoneType' object has no attribute 'decode'
Traceback (most recent call last):
  File "C:\Users\User\Desktop\dev\project\ai_migration\translate\app\consumer.py", line 46, in handle_message
    call_agent(request)
    ~~~~~~~~~~^^^^^^^^^
  File "C:\Users\User\Desktop\dev\project\ai_migration\translate\app\agent.py", line 37, in call_agent
    producer.send_message('agent-res-topic', {'result': '변환완료'})
    ~~~~~~~~~~~~~~~~~~~~~^^^^^^^^^^^^^^^^^^^^^^^^^^^^^^^^^^^^^^^^^^^
  File "C:\Users\User\Desktop\dev\project\ai_migration\translate\app\producer.py", line 27, in send_message
    self.producer.flush()
    ~~~~~~~~~~~~~~~~~~~^^
  File "C:\Users\User\Desktop\dev\project\ai_migration\translate\app\producer.py", line 22, in delivery_callback
    topic=msg.topic(), key=msg.key().decode('utf-8'), value=msg.value().decode('utf-8')))
                           ^^^^^^^^^^^^^^^^
AttributeError: 'NoneType' object has no attribute 'decode'
2025-07-23 11:58:56,456 - translate - INFO - translator-topic | key: None | value: b'{"id": 1234}'
2025-07-23 11:58:56,474 - translate - ERROR - unsupported format string passed to NoneType.__format__
Traceback (most recent call last):
  File "C:\Users\User\Desktop\dev\project\ai_migration\translate\app\consumer.py", line 46, in handle_message
    call_agent(request)
    ~~~~~~~~~~^^^^^^^^^
  File "C:\Users\User\Desktop\dev\project\ai_migration\translate\app\agent.py", line 37, in call_agent
    producer.send_message('agent-res-topic', {'result': '변환완료'})
    ~~~~~~~~~~~~~~~~~~~~~^^^^^^^^^^^^^^^^^^^^^^^^^^^^^^^^^^^^^^^^^^^
  File "C:\Users\User\Desktop\dev\project\ai_migration\translate\app\producer.py", line 27, in send_message
    self.producer.flush()
    ~~~~~~~~~~~~~~~~~~~^^
  File "C:\Users\User\Desktop\dev\project\ai_migration\translate\app\producer.py", line 21, in delivery_callback
    self.logger.info("Produced event to topic {topic}: key = {key:12} value = {value:12}".format(
                     ~~~~~~~~~~~~~~~~~~~~~~~~~~~~~~~~~~~~~~~~~~~~~~~~~~~~~~~~~~~~~~~~~~~~~~~~~~~^
        topic=msg.topic(), key=msg.key(), value=msg.value().decode('utf-8')))
        ^^^^^^^^^^^^^^^^^^^^^^^^^^^^^^^^^^^^^^^^^^^^^^^^^^^^^^^^^^^^^^^^^^^^
TypeError: unsupported format string passed to NoneType.__format__
2025-07-23 12:00:16,849 - translate - INFO - translator-topic | key: None | value: b'{"id": 1234}'
2025-07-23 12:01:24,143 - translate - INFO - translator-topic | key: None | value: b'{"id": 1234}'
2025-07-23 12:03:49,760 - translate - INFO - translator-topic | key: None | value: b'{"id": 1234}'
2025-07-23 12:06:46,201 - translate - INFO - translator-topic | key: None | value: b'{"id": 1234}'
2025-07-23 12:08:05,672 - translate - INFO - translator-topic | key: None | value: b'{"id": 1234}'
2025-07-23 12:08:40,725 - translate - INFO - translator-topic | key: None | value: b'{"id": 1234}'
2025-07-23 12:14:52,024 - translate - INFO - translator-topic | key: None | value: b'{"id": 1234}'
2025-07-23 12:17:08,336 - translate - INFO - translator-topic | key: None | value: b'{"id": 1234}'
2025-07-23 12:18:41,577 - translate - INFO - translator-topic | key: None | value: b'{"id": 1234}'
